Base path: C:/Program Files/Unity/Editor/Data
Cmd: getPlatforms
Cmd: compileCompute
  error: 1 plat 15 at computeShader.compute(35): signed/unsigned mismatch, unsigned assumed
  error: 1 plat 15 at computeShader.compute(50): signed/unsigned mismatch, unsigned assumed
  error: 1 plat 15 at computeShader.compute(57): signed/unsigned mismatch, unsigned assumed
  error: 1 plat 15 at computeShader.compute(62): signed/unsigned mismatch, unsigned assumed
  error: 1 plat 15 at computeShader.compute(72): signed/unsigned mismatch, unsigned assumed
  error: 1 plat 15 at computeShader.compute(86): signed/unsigned mismatch, unsigned assumed
  error: 1 plat 15 at computeShader.compute(88): signed/unsigned mismatch, unsigned assumed
  error: 1 plat 15 at computeShader.compute(89): signed/unsigned mismatch, unsigned assumed
  error: 1 plat 15 at computeShader.compute(90): signed/unsigned mismatch, unsigned assumed
  error: 1 plat 15 at computeShader.compute(91): signed/unsigned mismatch, unsigned assumed
  error: 1 plat 15 at computeShader.compute(116): signed/unsigned mismatch, unsigned assumed
  error: 1 plat 15 at computeShader.compute(131): signed/unsigned mismatch, unsigned assumed
  error: 1 plat 15 at computeShader.compute(138): signed/unsigned mismatch, unsigned assumed
  error: 1 plat 15 at computeShader.compute(143): signed/unsigned mismatch, unsigned assumed
  error: 1 plat 15 at computeShader.compute(153): signed/unsigned mismatch, unsigned assumed
  error: 1 plat 15 at computeShader.compute(170): 'distance': implicit truncation of vector type
  error: 1 plat 15 at computeShader.compute(171): implicit truncation of vector type
  error: 1 plat 15 at computeShader.compute(174): 'distance': implicit truncation of vector type
  error: 1 plat 15 at computeShader.compute(175): implicit truncation of vector type
  api=15 insize=5249 outsize=21805 ok=1
Cmd: compileCompute
  error: 1 plat 15 at computeShader.compute(35): signed/unsigned mismatch, unsigned assumed
  error: 1 plat 15 at computeShader.compute(50): signed/unsigned mismatch, unsigned assumed
  error: 1 plat 15 at computeShader.compute(57): signed/unsigned mismatch, unsigned assumed
  error: 1 plat 15 at computeShader.compute(62): signed/unsigned mismatch, unsigned assumed
  error: 1 plat 15 at computeShader.compute(72): signed/unsigned mismatch, unsigned assumed
  error: 1 plat 15 at computeShader.compute(86): signed/unsigned mismatch, unsigned assumed
  error: 1 plat 15 at computeShader.compute(88): signed/unsigned mismatch, unsigned assumed
  error: 1 plat 15 at computeShader.compute(89): signed/unsigned mismatch, unsigned assumed
  error: 1 plat 15 at computeShader.compute(90): signed/unsigned mismatch, unsigned assumed
  error: 1 plat 15 at computeShader.compute(91): signed/unsigned mismatch, unsigned assumed
  error: 1 plat 15 at computeShader.compute(116): signed/unsigned mismatch, unsigned assumed
  error: 1 plat 15 at computeShader.compute(131): signed/unsigned mismatch, unsigned assumed
  error: 1 plat 15 at computeShader.compute(138): signed/unsigned mismatch, unsigned assumed
  error: 1 plat 15 at computeShader.compute(143): signed/unsigned mismatch, unsigned assumed
  error: 1 plat 15 at computeShader.compute(153): signed/unsigned mismatch, unsigned assumed
  error: 1 plat 15 at computeShader.compute(170): 'distance': implicit truncation of vector type
  error: 1 plat 15 at computeShader.compute(171): implicit truncation of vector type
  error: 1 plat 15 at computeShader.compute(174): 'distance': implicit truncation of vector type
  error: 1 plat 15 at computeShader.compute(175): implicit truncation of vector type
  api=15 insize=5246 outsize=22281 ok=1
